<?xml version="1.0" encoding="UTF-8"?>
<!-- Generated by org.testng.reporters.JUnitXMLReporter -->
<testsuite ignored="0" hostname="AkshayP" failures="0" tests="3" name="Default test" time="3.373" errors="0" timestamp="2026-02-16T15:53:22 IST">
  <testcase classname="etopupapp.PrepaidMobileAndBroadbandPackPurchase" name="@BeforeClass setup" time="3.296">
    <failure type="org.openqa.selenium.SessionNotCreatedException" message="Could not start a new session. Unable to parse remote response: The URL &amp;apos;/session&amp;apos; did not map to a valid resource 
Host info: host: &amp;apos;AKSHAYP&amp;apos;, ip: &amp;apos;10.0.7.109&amp;apos;">
      <![CDATA[org.openqa.selenium.SessionNotCreatedException: Could not start a new session. Unable to parse remote response: The URL '/session' did not map to a valid resource 
Host info: host: 'AKSHAYP', ip: '10.0.7.109'
at org.openqa.selenium.remote.ProtocolHandshake.createSession(ProtocolHandshake.java:100)
at org.openqa.selenium.remote.ProtocolHandshake.createSession(ProtocolHandshake.java:75)
at org.openqa.selenium.remote.ProtocolHandshake.createSession(ProtocolHandshake.java:61)
at io.appium.java_client.remote.AppiumCommandExecutor.createSession(AppiumCommandExecutor.java:178)
at io.appium.java_client.remote.AppiumCommandExecutor.execute(AppiumCommandExecutor.java:243)
at org.openqa.selenium.remote.RemoteWebDriver.execute(RemoteWebDriver.java:601)
at io.appium.java_client.AppiumDriver.startSession(AppiumDriver.java:308)
at org.openqa.selenium.remote.RemoteWebDriver.<init>(RemoteWebDriver.java:209)
at org.openqa.selenium.remote.RemoteWebDriver.<init>(RemoteWebDriver.java:195)
at io.appium.java_client.AppiumDriver.<init>(AppiumDriver.java:98)
at io.appium.java_client.AppiumDriver.<init>(AppiumDriver.java:109)
at io.appium.java_client.android.AndroidDriver.<init>(AndroidDriver.java:108)
at etopupapp.PrepaidMobileAndBroadbandPackPurchase.setup(PrepaidMobileAndBroadbandPackPurchase.java:38)
at java.base/jdk.internal.reflect.NativeMethodAccessorImpl.invoke0(Native Method)
at java.base/jdk.internal.reflect.NativeMethodAccessorImpl.invoke(NativeMethodAccessorImpl.java:62)
at java.base/jdk.internal.reflect.DelegatingMethodAccessorImpl.invoke(DelegatingMethodAccessorImpl.java:43)
at java.base/java.lang.reflect.Method.invoke(Method.java:566)
at org.testng.internal.invokers.MethodInvocationHelper.invokeMethod(MethodInvocationHelper.java:139)
at org.testng.internal.invokers.MethodInvocationHelper.invokeMethodConsideringTimeout(MethodInvocationHelper.java:69)
at org.testng.internal.invokers.ConfigInvoker.invokeConfigurationMethod(ConfigInvoker.java:390)
at org.testng.internal.invokers.ConfigInvoker.invokeConfigurations(ConfigInvoker.java:325)
at org.testng.internal.invokers.TestMethodWorker.invokeBeforeClassMethods(TestMethodWorker.java:180)
at org.testng.internal.invokers.TestMethodWorker.run(TestMethodWorker.java:122)
at java.base/java.util.ArrayList.forEach(ArrayList.java:1541)
at org.testng.TestRunner.privateRun(TestRunner.java:848)
at org.testng.TestRunner.run(TestRunner.java:621)
at org.testng.SuiteRunner.runTest(SuiteRunner.java:443)
at org.testng.SuiteRunner.runSequentially(SuiteRunner.java:437)
at org.testng.SuiteRunner.privateRun(SuiteRunner.java:397)
at org.testng.SuiteRunner.run(SuiteRunner.java:336)
at org.testng.SuiteRunnerWorker.runSuite(SuiteRunnerWorker.java:52)
at org.testng.SuiteRunnerWorker.run(SuiteRunnerWorker.java:95)
at org.testng.TestNG.runSuitesSequentially(TestNG.java:1280)
at org.testng.TestNG.runSuitesLocally(TestNG.java:1200)
at org.testng.TestNG.runSuites(TestNG.java:1114)
at org.testng.TestNG.run(TestNG.java:1082)
at org.testng.remote.AbstractRemoteTestNG.run(AbstractRemoteTestNG.java:115)
at org.testng.remote.RemoteTestNG.initAndRun(RemoteTestNG.java:251)
at org.testng.remote.RemoteTestNG.main(RemoteTestNG.java:77)
Caused by: org.openqa.selenium.json.JsonException: Unable to parse: The URL '/session' did not map to a valid resource
at org.openqa.selenium.json.Json.toType(Json.java:169)
at org.openqa.selenium.json.Json.toType(Json.java:152)
at org.openqa.selenium.remote.ProtocolHandshake.createSession(ProtocolHandshake.java:96)
... 38 more
Caused by: org.openqa.selenium.json.JsonException: Unable to determine type from: T. Last 1 characters read: T, next 49 characters to read: he URL '/session' did not map to a valid resource
Build info: version: '4.40.0', revision: 'b3333f1'
System info: os.name: 'Windows 11', os.arch: 'amd64', os.version: '10.0', java.version: '11.0.20'
Driver info: driver.version: AndroidDriver
at org.openqa.selenium.json.JsonInput.peek(JsonInput.java:166)
at org.openqa.selenium.json.JsonTypeCoercer.coerce(JsonTypeCoercer.java:128)
at org.openqa.selenium.json.Json.toType(Json.java:206)
at org.openqa.selenium.json.Json.toType(Json.java:167)
... 40 more
]]>
    </failure>
  </testcase> <!-- @BeforeClass setup -->
  <testcase classname="etopupapp.PrepaidMobileAndBroadbandPackPurchase" name="@BeforeMethod handleBackendSwitch" time="0.0">
    <skipped/>
  </testcase> <!-- @BeforeMethod handleBackendSwitch -->
  <testcase classname="etopupapp.PrepaidMobileAndBroadbandPackPurchase" name="@BeforeMethod handleBackendSwitch" time="0.0">
    <skipped/>
  </testcase> <!-- @BeforeMethod handleBackendSwitch -->
  <testcase classname="etopupapp.PrepaidMobileAndBroadbandPackPurchase" name="@BeforeMethod handleBackendSwitch" time="0.0">
    <skipped/>
  </testcase> <!-- @BeforeMethod handleBackendSwitch -->
  <testcase classname="etopupapp.PrepaidMobileAndBroadbandPackPurchase" name="VerifyMobliePackage" time="0.0">
    <skipped/>
  </testcase> <!-- VerifyMobliePackage -->
  <testcase classname="etopupapp.PrepaidMobileAndBroadbandPackPurchase" name="VerifyBroadbandPackage" time="0.0">
    <skipped/>
  </testcase> <!-- VerifyBroadbandPackage -->
  <testcase classname="etopupapp.PrepaidMobileAndBroadbandPackPurchase" name="VerifyMobliePackageWithInvalidNumber" time="0.001">
    <skipped/>
  </testcase> <!-- VerifyMobliePackageWithInvalidNumber -->
</testsuite> <!-- Default test -->
